<?xml version="1.0" encoding="utf-8"?><testsuites name="pytest tests"><testsuite name="pytest" errors="0" failures="0" skipped="4" tests="15" time="0.430" timestamp="2026-04-16T00:19:34.992496+08:00" hostname="billdeMacBook-Air.local"><testcase classname="test_api_generated" name="test_openapi_docs_accessible" time="0.013" /><testcase classname="test_api_generated" name="test_protected_endpoint_requires_token" time="0.002" /><testcase classname="test_api_generated" name="test_products_list" time="0.013" /><testcase classname="test_api_generated" name="test_products_detail" time="0.012" /><testcase classname="test_api_generated" name="test_products_create" time="0.019" /><testcase classname="test_api_generated" name="test_me_get_current_user" time="0.030" /><testcase classname="test_api_generated" name="test_addresses_crud" time="0.025" /><testcase classname="test_api_generated" name="test_cart_and_items" time="0.020" /><testcase classname="test_api_generated" name="test_orders_checkout_and_get" time="0.027" /><testcase classname="test_api_generated" name="test_orders_cancel" time="0.024" /><testcase classname="test_api_generated" name="test_payments_flow" time="0.031" /><testcase classname="test_api_generated" name="test_reviews_create_and_list" time="0.030"><skipped type="pytest.skip" message="reviews 相关表缺失；当前数据库表结构/迁移未就绪">/Users/bill/Downloads/e-commerce/web/api_testcases/pytest/test_api_generated.py:84: reviews 相关表缺失；当前数据库表结构/迁移未就绪</skipped></testcase><testcase classname="test_api_generated" name="test_notifications_flow" time="0.005"><skipped type="pytest.skip" message="notifications 相关表缺失；当前数据库表结构/迁移未就绪">/Users/bill/Downloads/e-commerce/web/api_testcases/pytest/test_api_generated.py:84: notifications 相关表缺失；当前数据库表结构/迁移未就绪</skipped></testcase><testcase classname="test_api_generated" name="test_coupons_flow" time="0.003"><skipped type="pytest.skip" message="当前用户没有可用优惠券">/Users/bill/Downloads/e-commerce/web/api_testcases/pytest/test_api_generated.py:414: 当前用户没有可用优惠券</skipped></testcase><testcase classname="test_api_generated" name="test_aftersales_flow" time="0.161"><skipped type="pytest.skip" message="aftersales 相关表/字段缺失；当前数据库表结构/迁移未就绪">/Users/bill/Downloads/e-commerce/web/api_testcases/pytest/test_api_generated.py:84: aftersales 相关表/字段缺失；当前数据库表结构/迁移未就绪</skipped></testcase></testsuite></testsuites>